<?xml version="1.0" encoding="UTF-8"?>
<testsuite xmlns:xsi="http://www.w3.org/2001/XMLSchema-instance" xsi:noNamespaceSchemaLocation="https://maven.apache.org/surefire/maven-surefire-plugin/xsd/surefire-test-report.xsd" name="com.xoul.sm.AppTest" time="0.044" tests="1" errors="0" skipped="0" failures="0">
  <properties>
    <property name="sun.desktop" value="gnome"/>
    <property name="awt.toolkit" value="sun.awt.X11.XToolkit"/>
    <property name="java.specification.version" value="11"/>
    <property name="sun.cpu.isalist" value=""/>
    <property name="sun.jnu.encoding" value="UTF-8"/>
    <property name="java.class.path" value="/home/sm/Desktop/mavenDb/dbproj/target/test-classes:/home/sm/Desktop/mavenDb/dbproj/target/classes:/home/sm/.m2/repository/junit/junit/4.11/junit-4.11.jar:/home/sm/.m2/repository/org/hamcrest/hamcrest-core/1.3/hamcrest-core-1.3.jar:/home/sm/.m2/repository/org/apache/beam/beam-sdks-java-core/2.12.0/beam-sdks-java-core-2.12.0.jar:/home/sm/.m2/repository/org/apache/beam/beam-model-pipeline/2.12.0/beam-model-pipeline-2.12.0.jar:/home/sm/.m2/repository/org/apache/beam/beam-vendor-grpc-1_13_1/0.2/beam-vendor-grpc-1_13_1-0.2.jar:/home/sm/.m2/repository/com/google/errorprone/error_prone_annotations/2.1.2/error_prone_annotations-2.1.2.jar:/home/sm/.m2/repository/org/apache/beam/beam-model-job-management/2.12.0/beam-model-job-management-2.12.0.jar:/home/sm/.m2/repository/org/apache/beam/beam-vendor-guava-20_0/0.1/beam-vendor-guava-20_0-0.1.jar:/home/sm/.m2/repository/com/fasterxml/jackson/core/jackson-core/2.9.8/jackson-core-2.9.8.jar:/home/sm/.m2/repository/com/fasterxml/jackson/core/jackson-annotations/2.9.8/jackson-annotations-2.9.8.jar:/home/sm/.m2/repository/com/fasterxml/jackson/core/jackson-databind/2.9.8/jackson-databind-2.9.8.jar:/home/sm/.m2/repository/org/slf4j/slf4j-api/1.7.25/slf4j-api-1.7.25.jar:/home/sm/.m2/repository/org/apache/avro/avro/1.8.2/avro-1.8.2.jar:/home/sm/.m2/repository/org/codehaus/jackson/jackson-core-asl/1.9.13/jackson-core-asl-1.9.13.jar:/home/sm/.m2/repository/org/codehaus/jackson/jackson-mapper-asl/1.9.13/jackson-mapper-asl-1.9.13.jar:/home/sm/.m2/repository/com/thoughtworks/paranamer/paranamer/2.7/paranamer-2.7.jar:/home/sm/.m2/repository/org/apache/commons/commons-compress/1.8.1/commons-compress-1.8.1.jar:/home/sm/.m2/repository/org/xerial/snappy/snappy-java/1.1.4/snappy-java-1.1.4.jar:/home/sm/.m2/repository/joda-time/joda-time/2.4/joda-time-2.4.jar:/home/sm/.m2/repository/org/tukaani/xz/1.8/xz-1.8.jar:/home/sm/.m2/repository/org/apache/commons/commons-csv/1.6/commons-csv-1.6.jar:/home/sm/.m2/repository/org/apache/beam/beam-runners-spark/2.12.0/beam-runners-spark-2.12.0.jar:/home/sm/.m2/repository/org/apache/beam/beam-runners-core-construction-java/2.12.0/beam-runners-core-construction-java-2.12.0.jar:/home/sm/.m2/repository/org/apache/beam/beam-runners-core-java/2.12.0/beam-runners-core-java-2.12.0.jar:/home/sm/.m2/repository/org/apache/beam/beam-model-fn-execution/2.12.0/beam-model-fn-execution-2.12.0.jar:/home/sm/.m2/repository/com/google/guava/guava/20.0/guava-20.0.jar:/home/sm/.m2/repository/io/dropwizard/metrics/metrics-core/3.1.2/metrics-core-3.1.2.jar:/home/sm/.m2/repository/com/fasterxml/jackson/module/jackson-module-scala_2.11/2.9.8/jackson-module-scala_2.11-2.9.8.jar:/home/sm/.m2/repository/org/apache/spark/spark-streaming_2.10/1.6.2/spark-streaming_2.10-1.6.2.jar:/home/sm/.m2/repository/org/apache/spark/spark-core_2.10/1.6.2/spark-core_2.10-1.6.2.jar:/home/sm/.m2/repository/org/apache/avro/avro-mapred/1.7.7/avro-mapred-1.7.7-hadoop2.jar:/home/sm/.m2/repository/org/apache/avro/avro-ipc/1.7.7/avro-ipc-1.7.7.jar:/home/sm/.m2/repository/org/apache/avro/avro-ipc/1.7.7/avro-ipc-1.7.7-tests.jar:/home/sm/.m2/repository/com/twitter/chill_2.10/0.5.0/chill_2.10-0.5.0.jar:/home/sm/.m2/repository/com/esotericsoftware/kryo/kryo/2.21/kryo-2.21.jar:/home/sm/.m2/repository/com/esotericsoftware/reflectasm/reflectasm/1.07/reflectasm-1.07-shaded.jar:/home/sm/.m2/repository/com/esotericsoftware/minlog/minlog/1.2/minlog-1.2.jar:/home/sm/.m2/repository/org/objenesis/objenesis/1.2/objenesis-1.2.jar:/home/sm/.m2/repository/com/twitter/chill-java/0.5.0/chill-java-0.5.0.jar:/home/sm/.m2/repository/org/apache/xbean/xbean-asm5-shaded/4.4/xbean-asm5-shaded-4.4.jar:/home/sm/.m2/repository/org/apache/hadoop/hadoop-client/2.2.0/hadoop-client-2.2.0.jar:/home/sm/.m2/repository/org/apache/hadoop/hadoop-common/2.2.0/hadoop-common-2.2.0.jar:/home/sm/.m2/repository/commons-cli/commons-cli/1.2/commons-cli-1.2.jar:/home/sm/.m2/repository/org/apache/commons/commons-math/2.1/commons-math-2.1.jar:/home/sm/.m2/repository/xmlenc/xmlenc/0.52/xmlenc-0.52.jar:/home/sm/.m2/repository/commons-configuration/commons-configuration/1.6/commons-configuration-1.6.jar:/home/sm/.m2/repository/commons-collections/commons-collections/3.2.1/commons-collections-3.2.1.jar:/home/sm/.m2/repository/commons-digester/commons-digester/1.8/commons-digester-1.8.jar:/home/sm/.m2/repository/commons-beanutils/commons-beanutils/1.7.0/commons-beanutils-1.7.0.jar:/home/sm/.m2/repository/commons-beanutils/commons-beanutils-core/1.8.0/commons-beanutils-core-1.8.0.jar:/home/sm/.m2/repository/org/apache/hadoop/hadoop-auth/2.2.0/hadoop-auth-2.2.0.jar:/home/sm/.m2/repository/org/apache/hadoop/hadoop-hdfs/2.2.0/hadoop-hdfs-2.2.0.jar:/home/sm/.m2/repository/org/mortbay/jetty/jetty-util/6.1.26/jetty-util-6.1.26.jar:/home/sm/.m2/repository/org/apache/hadoop/hadoop-mapreduce-client-app/2.2.0/hadoop-mapreduce-client-app-2.2.0.jar:/home/sm/.m2/repository/org/apache/hadoop/hadoop-mapreduce-client-common/2.2.0/hadoop-mapreduce-client-common-2.2.0.jar:/home/sm/.m2/repository/org/apache/hadoop/hadoop-yarn-client/2.2.0/hadoop-yarn-client-2.2.0.jar:/home/sm/.m2/repository/com/google/inject/guice/3.0/guice-3.0.jar:/home/sm/.m2/repository/javax/inject/javax.inject/1/javax.inject-1.jar:/home/sm/.m2/repository/aopalliance/aopalliance/1.0/aopalliance-1.0.jar:/home/sm/.m2/repository/com/sun/jersey/jersey-test-framework/jersey-test-framework-grizzly2/1.9/jersey-test-framework-grizzly2-1.9.jar:/home/sm/.m2/repository/com/sun/jersey/jersey-test-framework/jersey-test-framework-core/1.9/jersey-test-framework-core-1.9.jar:/home/sm/.m2/repository/javax/servlet/javax.servlet-api/3.0.1/javax.servlet-api-3.0.1.jar:/home/sm/.m2/repository/com/sun/jersey/jersey-client/1.9/jersey-client-1.9.jar:/home/sm/.m2/repository/com/sun/jersey/jersey-grizzly2/1.9/jersey-grizzly2-1.9.jar:/home/sm/.m2/repository/org/glassfish/grizzly/grizzly-http/2.1.2/grizzly-http-2.1.2.jar:/home/sm/.m2/repository/org/glassfish/grizzly/grizzly-framework/2.1.2/grizzly-framework-2.1.2.jar:/home/sm/.m2/repository/org/glassfish/gmbal/gmbal-api-only/3.0.0-b023/gmbal-api-only-3.0.0-b023.jar:/home/sm/.m2/repository/org/glassfish/external/management-api/3.0.0-b012/management-api-3.0.0-b012.jar:/home/sm/.m2/repository/org/glassfish/grizzly/grizzly-http-server/2.1.2/grizzly-http-server-2.1.2.jar:/home/sm/.m2/repository/org/glassfish/grizzly/grizzly-rcm/2.1.2/grizzly-rcm-2.1.2.jar:/home/sm/.m2/repository/org/glassfish/grizzly/grizzly-http-servlet/2.1.2/grizzly-http-servlet-2.1.2.jar:/home/sm/.m2/repository/org/glassfish/javax.servlet/3.1/javax.servlet-3.1.jar:/home/sm/.m2/repository/com/sun/jersey/jersey-json/1.9/jersey-json-1.9.jar:/home/sm/.m2/repository/org/codehaus/jettison/jettison/1.1/jettison-1.1.jar:/home/sm/.m2/repository/stax/stax-api/1.0.1/stax-api-1.0.1.jar:/home/sm/.m2/repository/com/sun/xml/bind/jaxb-impl/2.2.3-1/jaxb-impl-2.2.3-1.jar:/home/sm/.m2/repository/javax/xml/bind/jaxb-api/2.2.2/jaxb-api-2.2.2.jar:/home/sm/.m2/repository/javax/activation/activation/1.1/activation-1.1.jar:/home/sm/.m2/repository/org/codehaus/jackson/jackson-jaxrs/1.8.3/jackson-jaxrs-1.8.3.jar:/home/sm/.m2/repository/org/codehaus/jackson/jackson-xc/1.8.3/jackson-xc-1.8.3.jar:/home/sm/.m2/repository/com/sun/jersey/contribs/jersey-guice/1.9/jersey-guice-1.9.jar:/home/sm/.m2/repository/org/apache/hadoop/hadoop-yarn-server-common/2.2.0/hadoop-yarn-server-common-2.2.0.jar:/home/sm/.m2/repository/org/apache/hadoop/hadoop-mapreduce-client-shuffle/2.2.0/hadoop-mapreduce-client-shuffle-2.2.0.jar:/home/sm/.m2/repository/org/apache/hadoop/hadoop-yarn-api/2.2.0/hadoop-yarn-api-2.2.0.jar:/home/sm/.m2/repository/org/apache/hadoop/hadoop-mapreduce-client-core/2.2.0/hadoop-mapreduce-client-core-2.2.0.jar:/home/sm/.m2/repository/org/apache/hadoop/hadoop-yarn-common/2.2.0/hadoop-yarn-common-2.2.0.jar:/home/sm/.m2/repository/org/apache/hadoop/hadoop-mapreduce-client-jobclient/2.2.0/hadoop-mapreduce-client-jobclient-2.2.0.jar:/home/sm/.m2/repository/org/apache/hadoop/hadoop-annotations/2.2.0/hadoop-annotations-2.2.0.jar:/home/sm/.m2/repository/org/apache/spark/spark-launcher_2.10/1.6.2/spark-launcher_2.10-1.6.2.jar:/home/sm/.m2/repository/org/apache/spark/spark-network-common_2.10/1.6.2/spark-network-common_2.10-1.6.2.jar:/home/sm/.m2/repository/org/apache/spark/spark-network-shuffle_2.10/1.6.2/spark-network-shuffle_2.10-1.6.2.jar:/home/sm/.m2/repository/org/fusesource/leveldbjni/leveldbjni-all/1.8/leveldbjni-all-1.8.jar:/home/sm/.m2/repository/org/apache/spark/spark-unsafe_2.10/1.6.2/spark-unsafe_2.10-1.6.2.jar:/home/sm/.m2/repository/net/java/dev/jets3t/jets3t/0.7.1/jets3t-0.7.1.jar:/home/sm/.m2/repository/commons-codec/commons-codec/1.3/commons-codec-1.3.jar:/home/sm/.m2/repository/commons-httpclient/commons-httpclient/3.1/commons-httpclient-3.1.jar:/home/sm/.m2/repository/org/apache/curator/curator-recipes/2.4.0/curator-recipes-2.4.0.jar:/home/sm/.m2/repository/org/apache/curator/curator-framework/2.4.0/curator-framework-2.4.0.jar:/home/sm/.m2/repository/org/apache/curator/curator-client/2.4.0/curator-client-2.4.0.jar:/home/sm/.m2/repository/org/apache/zookeeper/zookeeper/3.4.5/zookeeper-3.4.5.jar:/home/sm/.m2/repository/jline/jline/0.9.94/jline-0.9.94.jar:/home/sm/.m2/repository/org/eclipse/jetty/orbit/javax.servlet/3.0.0.v201112011016/javax.servlet-3.0.0.v201112011016.jar:/home/sm/.m2/repository/org/apache/commons/commons-lang3/3.3.2/commons-lang3-3.3.2.jar:/home/sm/.m2/repository/org/apache/commons/commons-math3/3.4.1/commons-math3-3.4.1.jar:/home/sm/.m2/repository/com/google/code/findbugs/jsr305/1.3.9/jsr305-1.3.9.jar:/home/sm/.m2/repository/org/slf4j/jcl-over-slf4j/1.7.10/jcl-over-slf4j-1.7.10.jar:/home/sm/.m2/repository/log4j/log4j/1.2.17/log4j-1.2.17.jar:/home/sm/.m2/repository/org/slf4j/slf4j-log4j12/1.7.10/slf4j-log4j12-1.7.10.jar:/home/sm/.m2/repository/com/ning/compress-lzf/1.0.3/compress-lzf-1.0.3.jar:/home/sm/.m2/repository/net/jpountz/lz4/lz4/1.3.0/lz4-1.3.0.jar:/home/sm/.m2/repository/org/roaringbitmap/RoaringBitmap/0.5.11/RoaringBitmap-0.5.11.jar:/home/sm/.m2/repository/commons-net/commons-net/2.2/commons-net-2.2.jar:/home/sm/.m2/repository/com/typesafe/akka/akka-remote_2.10/2.3.11/akka-remote_2.10-2.3.11.jar:/home/sm/.m2/repository/com/typesafe/akka/akka-actor_2.10/2.3.11/akka-actor_2.10-2.3.11.jar:/home/sm/.m2/repository/com/typesafe/config/1.2.1/config-1.2.1.jar:/home/sm/.m2/repository/io/netty/netty/3.8.0.Final/netty-3.8.0.Final.jar:/home/sm/.m2/repository/com/google/protobuf/protobuf-java/2.5.0/protobuf-java-2.5.0.jar:/home/sm/.m2/repository/org/uncommons/maths/uncommons-maths/1.2.2a/uncommons-maths-1.2.2a.jar:/home/sm/.m2/repository/com/typesafe/akka/akka-slf4j_2.10/2.3.11/akka-slf4j_2.10-2.3.11.jar:/home/sm/.m2/repository/org/json4s/json4s-jackson_2.10/3.2.10/json4s-jackson_2.10-3.2.10.jar:/home/sm/.m2/repository/org/json4s/json4s-core_2.10/3.2.10/json4s-core_2.10-3.2.10.jar:/home/sm/.m2/repository/org/json4s/json4s-ast_2.10/3.2.10/json4s-ast_2.10-3.2.10.jar:/home/sm/.m2/repository/org/scala-lang/scalap/2.10.0/scalap-2.10.0.jar:/home/sm/.m2/repository/org/scala-lang/scala-compiler/2.10.0/scala-compiler-2.10.0.jar:/home/sm/.m2/repository/com/sun/jersey/jersey-server/1.9/jersey-server-1.9.jar:/home/sm/.m2/repository/asm/asm/3.1/asm-3.1.jar:/home/sm/.m2/repository/com/sun/jersey/jersey-core/1.9/jersey-core-1.9.jar:/home/sm/.m2/repository/org/apache/mesos/mesos/0.21.1/mesos-0.21.1-shaded-protobuf.jar:/home/sm/.m2/repository/io/netty/netty-all/4.0.29.Final/netty-all-4.0.29.Final.jar:/home/sm/.m2/repository/com/clearspring/analytics/stream/2.7.0/stream-2.7.0.jar:/home/sm/.m2/repository/io/dropwizard/metrics/metrics-jvm/3.1.2/metrics-jvm-3.1.2.jar:/home/sm/.m2/repository/io/dropwizard/metrics/metrics-json/3.1.2/metrics-json-3.1.2.jar:/home/sm/.m2/repository/io/dropwizard/metrics/metrics-graphite/3.1.2/metrics-graphite-3.1.2.jar:/home/sm/.m2/repository/org/apache/ivy/ivy/2.4.0/ivy-2.4.0.jar:/home/sm/.m2/repository/oro/oro/2.0.8/oro-2.0.8.jar:/home/sm/.m2/repository/org/tachyonproject/tachyon-client/0.8.2/tachyon-client-0.8.2.jar:/home/sm/.m2/repository/commons-lang/commons-lang/2.4/commons-lang-2.4.jar:/home/sm/.m2/repository/commons-io/commons-io/2.4/commons-io-2.4.jar:/home/sm/.m2/repository/org/tachyonproject/tachyon-underfs-hdfs/0.8.2/tachyon-underfs-hdfs-0.8.2.jar:/home/sm/.m2/repository/org/tachyonproject/tachyon-underfs-s3/0.8.2/tachyon-underfs-s3-0.8.2.jar:/home/sm/.m2/repository/org/tachyonproject/tachyon-underfs-local/0.8.2/tachyon-underfs-local-0.8.2.jar:/home/sm/.m2/repository/net/razorvine/pyrolite/4.9/pyrolite-4.9.jar:/home/sm/.m2/repository/net/sf/py4j/py4j/0.9/py4j-0.9.jar:/home/sm/.m2/repository/org/scala-lang/scala-library/2.10.5/scala-library-2.10.5.jar:/home/sm/.m2/repository/org/spark-project/spark/unused/1.0.0/unused-1.0.0.jar:/home/sm/.m2/repository/com/fasterxml/jackson/module/jackson-module-scala_2.10/2.7.2/jackson-module-scala_2.10-2.7.2.jar:/home/sm/.m2/repository/org/scala-lang/scala-reflect/2.10.6/scala-reflect-2.10.6.jar:/home/sm/.m2/repository/com/fasterxml/jackson/module/jackson-module-paranamer/2.7.2/jackson-module-paranamer-2.7.2.jar:"/>
    <property name="java.vm.vendor" value="Oracle Corporation"/>
    <property name="sun.arch.data.model" value="64"/>
    <property name="java.vendor.url" value="http://java.oracle.com/"/>
    <property name="user.timezone" value=""/>
    <property name="java.vm.specification.version" value="11"/>
    <property name="os.name" value="Linux"/>
    <property name="sun.java.launcher" value="SUN_STANDARD"/>
    <property name="user.country" value="US"/>
    <property name="sun.boot.library.path" value="/usr/lib/jvm/java-11-openjdk-amd64/lib"/>
    <property name="sun.java.command" value="/home/sm/Desktop/mavenDb/dbproj/target/surefire/surefirebooter12084658991570304705.jar /home/sm/Desktop/mavenDb/dbproj/target/surefire 2019-05-15T18-49-04_500-jvmRun1 surefire15358814111007881141tmp surefire_05493019517118042487tmp"/>
    <property name="jdk.debug" value="release"/>
    <property name="surefire.test.class.path" value="/home/sm/Desktop/mavenDb/dbproj/target/test-classes:/home/sm/Desktop/mavenDb/dbproj/target/classes:/home/sm/.m2/repository/junit/junit/4.11/junit-4.11.jar:/home/sm/.m2/repository/org/hamcrest/hamcrest-core/1.3/hamcrest-core-1.3.jar:/home/sm/.m2/repository/org/apache/beam/beam-sdks-java-core/2.12.0/beam-sdks-java-core-2.12.0.jar:/home/sm/.m2/repository/org/apache/beam/beam-model-pipeline/2.12.0/beam-model-pipeline-2.12.0.jar:/home/sm/.m2/repository/org/apache/beam/beam-vendor-grpc-1_13_1/0.2/beam-vendor-grpc-1_13_1-0.2.jar:/home/sm/.m2/repository/com/google/errorprone/error_prone_annotations/2.1.2/error_prone_annotations-2.1.2.jar:/home/sm/.m2/repository/org/apache/beam/beam-model-job-management/2.12.0/beam-model-job-management-2.12.0.jar:/home/sm/.m2/repository/org/apache/beam/beam-vendor-guava-20_0/0.1/beam-vendor-guava-20_0-0.1.jar:/home/sm/.m2/repository/com/fasterxml/jackson/core/jackson-core/2.9.8/jackson-core-2.9.8.jar:/home/sm/.m2/repository/com/fasterxml/jackson/core/jackson-annotations/2.9.8/jackson-annotations-2.9.8.jar:/home/sm/.m2/repository/com/fasterxml/jackson/core/jackson-databind/2.9.8/jackson-databind-2.9.8.jar:/home/sm/.m2/repository/org/slf4j/slf4j-api/1.7.25/slf4j-api-1.7.25.jar:/home/sm/.m2/repository/org/apache/avro/avro/1.8.2/avro-1.8.2.jar:/home/sm/.m2/repository/org/codehaus/jackson/jackson-core-asl/1.9.13/jackson-core-asl-1.9.13.jar:/home/sm/.m2/repository/org/codehaus/jackson/jackson-mapper-asl/1.9.13/jackson-mapper-asl-1.9.13.jar:/home/sm/.m2/repository/com/thoughtworks/paranamer/paranamer/2.7/paranamer-2.7.jar:/home/sm/.m2/repository/org/apache/commons/commons-compress/1.8.1/commons-compress-1.8.1.jar:/home/sm/.m2/repository/org/xerial/snappy/snappy-java/1.1.4/snappy-java-1.1.4.jar:/home/sm/.m2/repository/joda-time/joda-time/2.4/joda-time-2.4.jar:/home/sm/.m2/repository/org/tukaani/xz/1.8/xz-1.8.jar:/home/sm/.m2/repository/org/apache/commons/commons-csv/1.6/commons-csv-1.6.jar:/home/sm/.m2/repository/org/apache/beam/beam-runners-spark/2.12.0/beam-runners-spark-2.12.0.jar:/home/sm/.m2/repository/org/apache/beam/beam-runners-core-construction-java/2.12.0/beam-runners-core-construction-java-2.12.0.jar:/home/sm/.m2/repository/org/apache/beam/beam-runners-core-java/2.12.0/beam-runners-core-java-2.12.0.jar:/home/sm/.m2/repository/org/apache/beam/beam-model-fn-execution/2.12.0/beam-model-fn-execution-2.12.0.jar:/home/sm/.m2/repository/com/google/guava/guava/20.0/guava-20.0.jar:/home/sm/.m2/repository/io/dropwizard/metrics/metrics-core/3.1.2/metrics-core-3.1.2.jar:/home/sm/.m2/repository/com/fasterxml/jackson/module/jackson-module-scala_2.11/2.9.8/jackson-module-scala_2.11-2.9.8.jar:/home/sm/.m2/repository/org/apache/spark/spark-streaming_2.10/1.6.2/spark-streaming_2.10-1.6.2.jar:/home/sm/.m2/repository/org/apache/spark/spark-core_2.10/1.6.2/spark-core_2.10-1.6.2.jar:/home/sm/.m2/repository/org/apache/avro/avro-mapred/1.7.7/avro-mapred-1.7.7-hadoop2.jar:/home/sm/.m2/repository/org/apache/avro/avro-ipc/1.7.7/avro-ipc-1.7.7.jar:/home/sm/.m2/repository/org/apache/avro/avro-ipc/1.7.7/avro-ipc-1.7.7-tests.jar:/home/sm/.m2/repository/com/twitter/chill_2.10/0.5.0/chill_2.10-0.5.0.jar:/home/sm/.m2/repository/com/esotericsoftware/kryo/kryo/2.21/kryo-2.21.jar:/home/sm/.m2/repository/com/esotericsoftware/reflectasm/reflectasm/1.07/reflectasm-1.07-shaded.jar:/home/sm/.m2/repository/com/esotericsoftware/minlog/minlog/1.2/minlog-1.2.jar:/home/sm/.m2/repository/org/objenesis/objenesis/1.2/objenesis-1.2.jar:/home/sm/.m2/repository/com/twitter/chill-java/0.5.0/chill-java-0.5.0.jar:/home/sm/.m2/repository/org/apache/xbean/xbean-asm5-shaded/4.4/xbean-asm5-shaded-4.4.jar:/home/sm/.m2/repository/org/apache/hadoop/hadoop-client/2.2.0/hadoop-client-2.2.0.jar:/home/sm/.m2/repository/org/apache/hadoop/hadoop-common/2.2.0/hadoop-common-2.2.0.jar:/home/sm/.m2/repository/commons-cli/commons-cli/1.2/commons-cli-1.2.jar:/home/sm/.m2/repository/org/apache/commons/commons-math/2.1/commons-math-2.1.jar:/home/sm/.m2/repository/xmlenc/xmlenc/0.52/xmlenc-0.52.jar:/home/sm/.m2/repository/commons-configuration/commons-configuration/1.6/commons-configuration-1.6.jar:/home/sm/.m2/repository/commons-collections/commons-collections/3.2.1/commons-collections-3.2.1.jar:/home/sm/.m2/repository/commons-digester/commons-digester/1.8/commons-digester-1.8.jar:/home/sm/.m2/repository/commons-beanutils/commons-beanutils/1.7.0/commons-beanutils-1.7.0.jar:/home/sm/.m2/repository/commons-beanutils/commons-beanutils-core/1.8.0/commons-beanutils-core-1.8.0.jar:/home/sm/.m2/repository/org/apache/hadoop/hadoop-auth/2.2.0/hadoop-auth-2.2.0.jar:/home/sm/.m2/repository/org/apache/hadoop/hadoop-hdfs/2.2.0/hadoop-hdfs-2.2.0.jar:/home/sm/.m2/repository/org/mortbay/jetty/jetty-util/6.1.26/jetty-util-6.1.26.jar:/home/sm/.m2/repository/org/apache/hadoop/hadoop-mapreduce-client-app/2.2.0/hadoop-mapreduce-client-app-2.2.0.jar:/home/sm/.m2/repository/org/apache/hadoop/hadoop-mapreduce-client-common/2.2.0/hadoop-mapreduce-client-common-2.2.0.jar:/home/sm/.m2/repository/org/apache/hadoop/hadoop-yarn-client/2.2.0/hadoop-yarn-client-2.2.0.jar:/home/sm/.m2/repository/com/google/inject/guice/3.0/guice-3.0.jar:/home/sm/.m2/repository/javax/inject/javax.inject/1/javax.inject-1.jar:/home/sm/.m2/repository/aopalliance/aopalliance/1.0/aopalliance-1.0.jar:/home/sm/.m2/repository/com/sun/jersey/jersey-test-framework/jersey-test-framework-grizzly2/1.9/jersey-test-framework-grizzly2-1.9.jar:/home/sm/.m2/repository/com/sun/jersey/jersey-test-framework/jersey-test-framework-core/1.9/jersey-test-framework-core-1.9.jar:/home/sm/.m2/repository/javax/servlet/javax.servlet-api/3.0.1/javax.servlet-api-3.0.1.jar:/home/sm/.m2/repository/com/sun/jersey/jersey-client/1.9/jersey-client-1.9.jar:/home/sm/.m2/repository/com/sun/jersey/jersey-grizzly2/1.9/jersey-grizzly2-1.9.jar:/home/sm/.m2/repository/org/glassfish/grizzly/grizzly-http/2.1.2/grizzly-http-2.1.2.jar:/home/sm/.m2/repository/org/glassfish/grizzly/grizzly-framework/2.1.2/grizzly-framework-2.1.2.jar:/home/sm/.m2/repository/org/glassfish/gmbal/gmbal-api-only/3.0.0-b023/gmbal-api-only-3.0.0-b023.jar:/home/sm/.m2/repository/org/glassfish/external/management-api/3.0.0-b012/management-api-3.0.0-b012.jar:/home/sm/.m2/repository/org/glassfish/grizzly/grizzly-http-server/2.1.2/grizzly-http-server-2.1.2.jar:/home/sm/.m2/repository/org/glassfish/grizzly/grizzly-rcm/2.1.2/grizzly-rcm-2.1.2.jar:/home/sm/.m2/repository/org/glassfish/grizzly/grizzly-http-servlet/2.1.2/grizzly-http-servlet-2.1.2.jar:/home/sm/.m2/repository/org/glassfish/javax.servlet/3.1/javax.servlet-3.1.jar:/home/sm/.m2/repository/com/sun/jersey/jersey-json/1.9/jersey-json-1.9.jar:/home/sm/.m2/repository/org/codehaus/jettison/jettison/1.1/jettison-1.1.jar:/home/sm/.m2/repository/stax/stax-api/1.0.1/stax-api-1.0.1.jar:/home/sm/.m2/repository/com/sun/xml/bind/jaxb-impl/2.2.3-1/jaxb-impl-2.2.3-1.jar:/home/sm/.m2/repository/javax/xml/bind/jaxb-api/2.2.2/jaxb-api-2.2.2.jar:/home/sm/.m2/repository/javax/activation/activation/1.1/activation-1.1.jar:/home/sm/.m2/repository/org/codehaus/jackson/jackson-jaxrs/1.8.3/jackson-jaxrs-1.8.3.jar:/home/sm/.m2/repository/org/codehaus/jackson/jackson-xc/1.8.3/jackson-xc-1.8.3.jar:/home/sm/.m2/repository/com/sun/jersey/contribs/jersey-guice/1.9/jersey-guice-1.9.jar:/home/sm/.m2/repository/org/apache/hadoop/hadoop-yarn-server-common/2.2.0/hadoop-yarn-server-common-2.2.0.jar:/home/sm/.m2/repository/org/apache/hadoop/hadoop-mapreduce-client-shuffle/2.2.0/hadoop-mapreduce-client-shuffle-2.2.0.jar:/home/sm/.m2/repository/org/apache/hadoop/hadoop-yarn-api/2.2.0/hadoop-yarn-api-2.2.0.jar:/home/sm/.m2/repository/org/apache/hadoop/hadoop-mapreduce-client-core/2.2.0/hadoop-mapreduce-client-core-2.2.0.jar:/home/sm/.m2/repository/org/apache/hadoop/hadoop-yarn-common/2.2.0/hadoop-yarn-common-2.2.0.jar:/home/sm/.m2/repository/org/apache/hadoop/hadoop-mapreduce-client-jobclient/2.2.0/hadoop-mapreduce-client-jobclient-2.2.0.jar:/home/sm/.m2/repository/org/apache/hadoop/hadoop-annotations/2.2.0/hadoop-annotations-2.2.0.jar:/home/sm/.m2/repository/org/apache/spark/spark-launcher_2.10/1.6.2/spark-launcher_2.10-1.6.2.jar:/home/sm/.m2/repository/org/apache/spark/spark-network-common_2.10/1.6.2/spark-network-common_2.10-1.6.2.jar:/home/sm/.m2/repository/org/apache/spark/spark-network-shuffle_2.10/1.6.2/spark-network-shuffle_2.10-1.6.2.jar:/home/sm/.m2/repository/org/fusesource/leveldbjni/leveldbjni-all/1.8/leveldbjni-all-1.8.jar:/home/sm/.m2/repository/org/apache/spark/spark-unsafe_2.10/1.6.2/spark-unsafe_2.10-1.6.2.jar:/home/sm/.m2/repository/net/java/dev/jets3t/jets3t/0.7.1/jets3t-0.7.1.jar:/home/sm/.m2/repository/commons-codec/commons-codec/1.3/commons-codec-1.3.jar:/home/sm/.m2/repository/commons-httpclient/commons-httpclient/3.1/commons-httpclient-3.1.jar:/home/sm/.m2/repository/org/apache/curator/curator-recipes/2.4.0/curator-recipes-2.4.0.jar:/home/sm/.m2/repository/org/apache/curator/curator-framework/2.4.0/curator-framework-2.4.0.jar:/home/sm/.m2/repository/org/apache/curator/curator-client/2.4.0/curator-client-2.4.0.jar:/home/sm/.m2/repository/org/apache/zookeeper/zookeeper/3.4.5/zookeeper-3.4.5.jar:/home/sm/.m2/repository/jline/jline/0.9.94/jline-0.9.94.jar:/home/sm/.m2/repository/org/eclipse/jetty/orbit/javax.servlet/3.0.0.v201112011016/javax.servlet-3.0.0.v201112011016.jar:/home/sm/.m2/repository/org/apache/commons/commons-lang3/3.3.2/commons-lang3-3.3.2.jar:/home/sm/.m2/repository/org/apache/commons/commons-math3/3.4.1/commons-math3-3.4.1.jar:/home/sm/.m2/repository/com/google/code/findbugs/jsr305/1.3.9/jsr305-1.3.9.jar:/home/sm/.m2/repository/org/slf4j/jcl-over-slf4j/1.7.10/jcl-over-slf4j-1.7.10.jar:/home/sm/.m2/repository/log4j/log4j/1.2.17/log4j-1.2.17.jar:/home/sm/.m2/repository/org/slf4j/slf4j-log4j12/1.7.10/slf4j-log4j12-1.7.10.jar:/home/sm/.m2/repository/com/ning/compress-lzf/1.0.3/compress-lzf-1.0.3.jar:/home/sm/.m2/repository/net/jpountz/lz4/lz4/1.3.0/lz4-1.3.0.jar:/home/sm/.m2/repository/org/roaringbitmap/RoaringBitmap/0.5.11/RoaringBitmap-0.5.11.jar:/home/sm/.m2/repository/commons-net/commons-net/2.2/commons-net-2.2.jar:/home/sm/.m2/repository/com/typesafe/akka/akka-remote_2.10/2.3.11/akka-remote_2.10-2.3.11.jar:/home/sm/.m2/repository/com/typesafe/akka/akka-actor_2.10/2.3.11/akka-actor_2.10-2.3.11.jar:/home/sm/.m2/repository/com/typesafe/config/1.2.1/config-1.2.1.jar:/home/sm/.m2/repository/io/netty/netty/3.8.0.Final/netty-3.8.0.Final.jar:/home/sm/.m2/repository/com/google/protobuf/protobuf-java/2.5.0/protobuf-java-2.5.0.jar:/home/sm/.m2/repository/org/uncommons/maths/uncommons-maths/1.2.2a/uncommons-maths-1.2.2a.jar:/home/sm/.m2/repository/com/typesafe/akka/akka-slf4j_2.10/2.3.11/akka-slf4j_2.10-2.3.11.jar:/home/sm/.m2/repository/org/json4s/json4s-jackson_2.10/3.2.10/json4s-jackson_2.10-3.2.10.jar:/home/sm/.m2/repository/org/json4s/json4s-core_2.10/3.2.10/json4s-core_2.10-3.2.10.jar:/home/sm/.m2/repository/org/json4s/json4s-ast_2.10/3.2.10/json4s-ast_2.10-3.2.10.jar:/home/sm/.m2/repository/org/scala-lang/scalap/2.10.0/scalap-2.10.0.jar:/home/sm/.m2/repository/org/scala-lang/scala-compiler/2.10.0/scala-compiler-2.10.0.jar:/home/sm/.m2/repository/com/sun/jersey/jersey-server/1.9/jersey-server-1.9.jar:/home/sm/.m2/repository/asm/asm/3.1/asm-3.1.jar:/home/sm/.m2/repository/com/sun/jersey/jersey-core/1.9/jersey-core-1.9.jar:/home/sm/.m2/repository/org/apache/mesos/mesos/0.21.1/mesos-0.21.1-shaded-protobuf.jar:/home/sm/.m2/repository/io/netty/netty-all/4.0.29.Final/netty-all-4.0.29.Final.jar:/home/sm/.m2/repository/com/clearspring/analytics/stream/2.7.0/stream-2.7.0.jar:/home/sm/.m2/repository/io/dropwizard/metrics/metrics-jvm/3.1.2/metrics-jvm-3.1.2.jar:/home/sm/.m2/repository/io/dropwizard/metrics/metrics-json/3.1.2/metrics-json-3.1.2.jar:/home/sm/.m2/repository/io/dropwizard/metrics/metrics-graphite/3.1.2/metrics-graphite-3.1.2.jar:/home/sm/.m2/repository/org/apache/ivy/ivy/2.4.0/ivy-2.4.0.jar:/home/sm/.m2/repository/oro/oro/2.0.8/oro-2.0.8.jar:/home/sm/.m2/repository/org/tachyonproject/tachyon-client/0.8.2/tachyon-client-0.8.2.jar:/home/sm/.m2/repository/commons-lang/commons-lang/2.4/commons-lang-2.4.jar:/home/sm/.m2/repository/commons-io/commons-io/2.4/commons-io-2.4.jar:/home/sm/.m2/repository/org/tachyonproject/tachyon-underfs-hdfs/0.8.2/tachyon-underfs-hdfs-0.8.2.jar:/home/sm/.m2/repository/org/tachyonproject/tachyon-underfs-s3/0.8.2/tachyon-underfs-s3-0.8.2.jar:/home/sm/.m2/repository/org/tachyonproject/tachyon-underfs-local/0.8.2/tachyon-underfs-local-0.8.2.jar:/home/sm/.m2/repository/net/razorvine/pyrolite/4.9/pyrolite-4.9.jar:/home/sm/.m2/repository/net/sf/py4j/py4j/0.9/py4j-0.9.jar:/home/sm/.m2/repository/org/scala-lang/scala-library/2.10.5/scala-library-2.10.5.jar:/home/sm/.m2/repository/org/spark-project/spark/unused/1.0.0/unused-1.0.0.jar:/home/sm/.m2/repository/com/fasterxml/jackson/module/jackson-module-scala_2.10/2.7.2/jackson-module-scala_2.10-2.7.2.jar:/home/sm/.m2/repository/org/scala-lang/scala-reflect/2.10.6/scala-reflect-2.10.6.jar:/home/sm/.m2/repository/com/fasterxml/jackson/module/jackson-module-paranamer/2.7.2/jackson-module-paranamer-2.7.2.jar:"/>
    <property name="sun.cpu.endian" value="little"/>
    <property name="user.home" value="/home/sm"/>
    <property name="user.language" value="en"/>
    <property name="java.specification.vendor" value="Oracle Corporation"/>
    <property name="java.version.date" value="2019-04-16"/>
    <property name="java.home" value="/usr/lib/jvm/java-11-openjdk-amd64"/>
    <property name="file.separator" value="/"/>
    <property name="basedir" value="/home/sm/Desktop/mavenDb/dbproj"/>
    <property name="java.vm.compressedOopsMode" value="32-bit"/>
    <property name="line.separator" value="&#10;"/>
    <property name="java.specification.name" value="Java Platform API Specification"/>
    <property name="java.vm.specification.vendor" value="Oracle Corporation"/>
    <property name="java.awt.graphicsenv" value="sun.awt.X11GraphicsEnvironment"/>
    <property name="surefire.real.class.path" value="/home/sm/Desktop/mavenDb/dbproj/target/surefire/surefirebooter12084658991570304705.jar"/>
    <property name="sun.management.compiler" value="HotSpot 64-Bit Tiered Compilers"/>
    <property name="java.runtime.version" value="11.0.3+7-Ubuntu-1ubuntu218.04.1"/>
    <property name="user.name" value="sm"/>
    <property name="path.separator" value=":"/>
    <property name="os.version" value="4.10.0-28-generic"/>
    <property name="java.runtime.name" value="OpenJDK Runtime Environment"/>
    <property name="file.encoding" value="UTF-8"/>
    <property name="java.vm.name" value="OpenJDK 64-Bit Server VM"/>
    <property name="localRepository" value="/home/sm/.m2/repository"/>
    <property name="java.vendor.url.bug" value="http://bugreport.java.com/bugreport/"/>
    <property name="java.io.tmpdir" value="/tmp"/>
    <property name="java.version" value="11.0.3"/>
    <property name="user.dir" value="/home/sm/Desktop/mavenDb/dbproj"/>
    <property name="os.arch" value="amd64"/>
    <property name="java.vm.specification.name" value="Java Virtual Machine Specification"/>
    <property name="java.awt.printerjob" value="sun.print.PSPrinterJob"/>
    <property name="sun.os.patch.level" value="unknown"/>
    <property name="java.library.path" value="/usr/java/packages/lib:/usr/lib/x86_64-linux-gnu/jni:/lib/x86_64-linux-gnu:/usr/lib/x86_64-linux-gnu:/usr/lib/jni:/lib:/usr/lib"/>
    <property name="java.vendor" value="Oracle Corporation"/>
    <property name="java.vm.info" value="mixed mode, sharing"/>
    <property name="java.vm.version" value="11.0.3+7-Ubuntu-1ubuntu218.04.1"/>
    <property name="sun.io.unicode.encoding" value="UnicodeLittle"/>
    <property name="java.class.version" value="55.0"/>
  </properties>
  <testcase name="shouldAnswerWithTrue" classname="com.xoul.sm.AppTest" time="0.007"/>
</testsuite>